<?xml version="1.0" encoding="UTF-8"?>
<testng-results skipped="0" failed="0" ignored="0" total="1" passed="1">
  <reporter-output>
  </reporter-output>
  <suite name="Default suite" duration-ms="2119" started-at="2020-03-06T19:10:17Z" finished-at="2020-03-06T19:10:19Z">
    <groups>
    </groups>
    <test name="Default test" duration-ms="2119" started-at="2020-03-06T19:10:17Z" finished-at="2020-03-06T19:10:19Z">
      <class name="GetRequest.TestCase1">
        <test-method status="PASS" signature="fCmpFromFile1()[pri:0, instance:GetRequest.TestCase1@1bce4f0a]" name="fCmpFromFile1" duration-ms="2104" started-at="2020-03-06T19:10:17Z" finished-at="2020-03-06T19:10:19Z">
          <reporter-output>
          </reporter-output>
        </test-method> <!-- fCmpFromFile1 -->
      </class> <!-- GetRequest.TestCase1 -->
    </test> <!-- Default test -->
  </suite> <!-- Default suite -->
</testng-results>
